
Starting --servername theshire.nz --port 5555 --info "Home of the hobbits" --debug --verbose --log-file theshire.log
theshire.nz:Launching server theshire.nz...
theshire.nz:Configuring the server socket...
theshire.nz:Listening for new connections on port 5555

Starting --servername rivendale.nz --port 5556 --info "Elronds House" --debug --verbose --log-file rivendale.log --connect_to_host theshire.nz --connect_to_port 5555
rivendale.nz:Launching server rivendale.nz...
rivendale.nz:Configuring the server socket...
rivendale.nz:Connecting to remote server theshire.nz:5555...
rivendale.nz:Listening for new connections on port 5556

Starting --servername mirkwood.nz --port 6556 --info "Wood of Greenleaves" --debug --verbose --log-file mirkwood.log --connect_to_host rivendale.nz --connect_to_port 5556
mirkwood.nz:Launching server mirkwood.nz...
mirkwood.nz:Configuring the server socket...
mirkwood.nz:Connecting to remote server rivendale.nz:5556...
mirkwood.nz:Listening for new connections on port 6556

Starting --servername lothlorien.nz --port 7556 --info "The Golden Wood" --debug --verbose --log-file lothlorien.log --connect_to_host mirkwood.nz --connect_to_port 6556
lothlorien.nz:Launching server lothlorien.nz...
lothlorien.nz:Configuring the server socket...
lothlorien.nz:Connecting to remote server mirkwood.nz:6556...
lothlorien.nz:Listening for new connections on port 7556

Starting --servername isengard.nz --port 6557 --info "Orthanc" --debug --verbose --log-file isengard.log --connect_to_host rivendale.nz --connect_to_port 5556
isengard.nz:Launching server isengard.nz...
isengard.nz:Configuring the server socket...
isengard.nz:Connecting to remote server rivendale.nz:5556...
isengard.nz:Listening for new connections on port 6557

Starting --servername minastirith.nz --port 5557 --info "Tower of Guard' --debug --verbose --log-file minastirith.log --connect_to_host theshire.nz --connect_to_port 5555
minastirith.nz:Launching server minastirith.nz...
minastirith.nz:Configuring the server socket...
minastirith.nz:Connecting to remote server theshire.nz:5555...
minastirith.nz:Listening for new connections on port 5557

Starting --servername osgiliath.nz --port 8558 --info "Citadel of the Stars" --debug --verbose --log-file osgiliath.log --connect_to_host minastirith.nz --connect_to_port 5557
osgiliath.nz:Launching server osgiliath.nz...
osgiliath.nz:Configuring the server socket...
osgiliath.nz:Connecting to remote server minastirith.nz:5557...
osgiliath.nz:Listening for new connections on port 8558

Starting --servername barad-dur.nz --port 5558 --info "the Dark Tower" --debug --verbose --log-file barad-dur.log --connect_to_host minastirith.nz --connect_to_port 5557
barad-dur.nz:Launching server barad-dur.nz...
barad-dur.nz:Configuring the server socket...
barad-dur.nz:Connecting to remote server minastirith.nz:5557...
barad-dur.nz:Listening for new connections on port 5558
