2019-11-12 22:34:45,652 - IRCServer[2152] - INFO - Launching server isengard.nz...
2019-11-12 22:34:45,654 - IRCServer[2152] - INFO - Configuring the server socket...
2019-11-12 22:34:45,678 - IRCServer[2152] - INFO - Connecting to remote server rivendale.nz:34521...
2019-11-12 22:34:45,683 - IRCServer[2152] - DEBUG - Listening for new connections on port 6443
2019-11-12 22:34:46,165 - IRCServer[2152] - INFO - Launching server minastirith.nz...
2019-11-12 22:34:46,166 - IRCServer[2152] - INFO - Configuring the server socket...
2019-11-12 22:34:46,212 - IRCServer[2152] - INFO - Connecting to remote server theshire.nz:13412...
2019-11-12 22:34:46,215 - IRCServer[2152] - DEBUG - Listening for new connections on port 6432
2019-11-12 22:34:46,694 - IRCServer[2152] - INFO - Launching server osgiliath.nz...
2019-11-12 22:34:46,696 - IRCServer[2152] - INFO - Configuring the server socket...
2019-11-12 22:34:46,699 - IRCServer[2152] - INFO - Connecting to remote server minastirith.nz:6432...
2019-11-12 22:34:46,704 - IRCServer[2152] - DEBUG - Listening for new connections on port 8558
2019-11-12 22:34:47,226 - IRCServer[2152] - INFO - Launching server barad-dur.nz...
2019-11-12 22:34:47,232 - IRCServer[2152] - INFO - Configuring the server socket...
2019-11-12 22:34:47,249 - IRCServer[2152] - INFO - Connecting to remote server minastirith.nz:6432...
2019-11-12 22:34:47,253 - IRCServer[2152] - DEBUG - Listening for new connections on port 2363
2019-11-12 22:34:52,255 - IRCServer[2152] - INFO - Launching server theshire.nz...
2019-11-12 22:34:52,256 - IRCServer[2152] - INFO - Configuring the server socket...
2019-11-12 22:34:52,256 - IRCServer[2152] - DEBUG - Listening for new connections on port 9315
2019-11-12 22:34:52,762 - IRCServer[2152] - INFO - Launching client samgamgee@windows1...
2019-11-12 22:34:56,777 - IRCServer[2152] - INFO - Launching server theshire.nz...
2019-11-12 22:34:56,778 - IRCServer[2152] - INFO - Configuring the server socket...
2019-11-12 22:34:56,779 - IRCServer[2152] - DEBUG - Listening for new connections on port 7426
2019-11-12 22:34:57,283 - IRCServer[2152] - INFO - Launching client samgamgee@windows1...
2019-11-12 22:34:57,790 - IRCServer[2152] - INFO - Launching client frodobaggins@BrandyHall...
2019-11-12 22:34:58,293 - IRCServer[2152] - INFO - Launching client pippintook@Windows3...
2019-11-12 22:34:58,815 - IRCServer[2152] - INFO - Launching client merrybrandybuck@Windows3...
2019-11-12 22:35:02,832 - IRCServer[2152] - INFO - Launching server theshire.nz...
2019-11-12 22:35:02,833 - IRCServer[2152] - INFO - Configuring the server socket...
2019-11-12 22:35:02,834 - IRCServer[2152] - DEBUG - Listening for new connections on port 8795
2019-11-12 22:35:03,338 - IRCServer[2152] - INFO - Launching server rivendale.nz...
2019-11-12 22:35:03,340 - IRCServer[2152] - INFO - Configuring the server socket...
2019-11-12 22:35:03,340 - IRCServer[2152] - INFO - Connecting to remote server theshire.nz:8795...
2019-11-12 22:35:03,342 - IRCServer[2152] - DEBUG - Listening for new connections on port 4237
2019-11-12 22:35:03,842 - IRCServer[2152] - INFO - Launching server minastirith.nz...
2019-11-12 22:35:03,850 - IRCServer[2152] - INFO - Configuring the server socket...
2019-11-12 22:35:03,858 - IRCServer[2152] - INFO - Connecting to remote server theshire.nz:8795...
2019-11-12 22:35:03,871 - IRCServer[2152] - DEBUG - Listening for new connections on port 21342
2019-11-12 22:35:04,351 - IRCServer[2152] - INFO - Launching client samgamgee@windows1...
2019-11-12 22:35:05,374 - IRCServer[2152] - INFO - Launching client elrond@windows1...
2019-11-12 22:35:06,382 - IRCServer[2152] - INFO - Launching client frodobaggins@BrandyHall...
2019-11-12 22:35:07,386 - IRCServer[2152] - INFO - Launching client pippintook@Windows3...
2019-11-12 22:35:08,398 - IRCServer[2152] - INFO - Launching client denethor@windows1...
2019-11-12 22:35:09,404 - IRCServer[2152] - INFO - Launching client aragorn@windows1...
2019-11-12 22:35:10,429 - IRCServer[2152] - INFO - Launching client merrybrandybuck@Windows3...
2019-11-12 22:35:14,505 - IRCServer[2152] - INFO - Launching server theshire.nz...
2019-11-12 22:35:14,506 - IRCServer[2152] - INFO - Configuring the server socket...
2019-11-12 22:35:14,507 - IRCServer[2152] - DEBUG - Listening for new connections on port 5555
2019-11-12 22:35:15,011 - IRCServer[2152] - INFO - Launching server rivendale.nz...
2019-11-12 22:35:15,012 - IRCServer[2152] - INFO - Configuring the server socket...
2019-11-12 22:35:15,014 - IRCServer[2152] - INFO - Connecting to remote server theshire.nz:5555...
2019-11-12 22:35:15,015 - IRCServer[2152] - DEBUG - Listening for new connections on port 5556
2019-11-12 22:35:15,515 - IRCServer[2152] - INFO - Launching server minastirith.nz...
2019-11-12 22:35:15,518 - IRCServer[2152] - INFO - Configuring the server socket...
2019-11-12 22:35:15,545 - IRCServer[2152] - INFO - Connecting to remote server theshire.nz:5555...
2019-11-12 22:35:15,548 - IRCServer[2152] - DEBUG - Listening for new connections on port 5557
2019-11-12 22:35:16,020 - IRCServer[2152] - INFO - Launching client samgamgee@windows1...
2019-11-12 22:35:17,021 - IRCServer[2152] - INFO - Launching client elrond@windows1...
2019-11-12 22:35:18,091 - IRCServer[2152] - INFO - Launching client frodobaggins@BrandyHall...
2019-11-12 22:35:19,098 - IRCServer[2152] - INFO - Launching client pippintook@Windows3...
2019-11-12 22:35:20,107 - IRCServer[2152] - INFO - Launching client denethor@windows1...
2019-11-12 22:35:21,114 - IRCServer[2152] - INFO - Launching client samgamgee@windows1...
2019-11-12 22:35:22,118 - IRCServer[2152] - INFO - Launching client merrybrandybuck@Windows3...
2019-11-12 22:35:26,142 - IRCServer[2152] - INFO - Launching server theshire.nz...
2019-11-12 22:35:26,147 - IRCServer[2152] - INFO - Configuring the server socket...
2019-11-12 22:35:26,148 - IRCServer[2152] - DEBUG - Listening for new connections on port 6213
2019-11-12 22:35:26,647 - IRCServer[2152] - INFO - Launching client samgamgee@windows1...
2019-11-12 22:35:27,157 - IRCServer[2152] - INFO - Launching client frodobaggins@BrandyHall...
2019-11-12 22:35:27,664 - IRCServer[2152] - INFO - Launching client pippintook@Windows3...
2019-11-12 22:35:28,166 - IRCServer[2152] - INFO - Launching client merrybrandybuck@Windows3...
2019-11-12 22:35:31,703 - IRCServer[2152] - INFO - Launching server theshire.nz...
2019-11-12 22:35:31,705 - IRCServer[2152] - INFO - Configuring the server socket...
2019-11-12 22:35:31,706 - IRCServer[2152] - DEBUG - Listening for new connections on port 5674
2019-11-12 22:35:32,210 - IRCServer[2152] - INFO - Launching server rivendale.nz...
2019-11-12 22:35:32,212 - IRCServer[2152] - INFO - Configuring the server socket...
2019-11-12 22:35:32,213 - IRCServer[2152] - INFO - Connecting to remote server theshire.nz:5674...
2019-11-12 22:35:32,216 - IRCServer[2152] - DEBUG - Listening for new connections on port 2235
2019-11-12 22:35:32,720 - IRCServer[2152] - INFO - Launching server minastirith.nz...
2019-11-12 22:35:32,725 - IRCServer[2152] - INFO - Configuring the server socket...
2019-11-12 22:35:32,742 - IRCServer[2152] - INFO - Connecting to remote server theshire.nz:5674...
2019-11-12 22:35:32,764 - IRCServer[2152] - DEBUG - Listening for new connections on port 7532
2019-11-12 22:35:33,241 - IRCServer[2152] - INFO - Launching client samgamgee@windows1...
2019-11-12 22:35:34,254 - IRCServer[2152] - INFO - Launching client elrond@windows1...
2019-11-12 22:35:35,260 - IRCServer[2152] - INFO - Launching client frodobaggins@BrandyHall...
2019-11-12 22:35:36,269 - IRCServer[2152] - INFO - Launching client pippintook@Windows3...
2019-11-12 22:35:37,295 - IRCServer[2152] - INFO - Launching client denethor@windows1...
2019-11-12 22:35:38,299 - IRCServer[2152] - INFO - Launching client aragorn@windows1...
2019-11-12 22:35:39,306 - IRCServer[2152] - INFO - Launching client merrybrandybuck@Windows3...
