2019-11-10 23:20:58,355 - IRCServer[57042] - INFO - Launching server lothlorien.nz...
2019-11-10 23:20:58,355 - IRCServer[57042] - INFO - Configuring the server socket...
2019-11-10 23:20:58,363 - IRCServer[57042] - INFO - Connecting to remote server mirkwood.nz:7855...
2019-11-10 23:20:58,365 - IRCServer[57042] - DEBUG - Listening for new connections on port 7556
2019-11-10 23:20:58,873 - IRCServer[57042] - INFO - Launching server isengard.nz...
2019-11-10 23:20:58,878 - IRCServer[57042] - INFO - Configuring the server socket...
2019-11-10 23:20:58,880 - IRCServer[57042] - INFO - Connecting to remote server rivendale.nz:34521...
2019-11-10 23:20:58,892 - IRCServer[57042] - DEBUG - Listening for new connections on port 6443
2019-11-10 23:20:59,387 - IRCServer[57042] - INFO - Launching server minastirith.nz...
2019-11-10 23:20:59,388 - IRCServer[57042] - INFO - Configuring the server socket...
2019-11-10 23:20:59,396 - IRCServer[57042] - INFO - Connecting to remote server theshire.nz:13412...
2019-11-10 23:20:59,398 - IRCServer[57042] - DEBUG - Listening for new connections on port 6432
2019-11-10 23:21:00,019 - IRCServer[57042] - INFO - Launching server osgiliath.nz...
2019-11-10 23:21:00,023 - IRCServer[57042] - INFO - Configuring the server socket...
2019-11-10 23:21:00,077 - IRCServer[57042] - INFO - Connecting to remote server minastirith.nz:6432...
2019-11-10 23:21:00,114 - IRCServer[57042] - DEBUG - Listening for new connections on port 8558
2019-11-10 23:21:00,534 - IRCServer[57042] - INFO - Launching server barad-dur.nz...
2019-11-10 23:21:00,536 - IRCServer[57042] - INFO - Configuring the server socket...
2019-11-10 23:21:00,540 - IRCServer[57042] - INFO - Connecting to remote server minastirith.nz:6432...
2019-11-10 23:21:00,549 - IRCServer[57042] - DEBUG - Listening for new connections on port 2363
