2019-11-12 22:15:02,787 - IRCServer[1683] - INFO - Launching server mirkwood.nz...
2019-11-12 22:15:02,789 - IRCServer[1683] - INFO - Configuring the server socket...
2019-11-12 22:15:02,804 - IRCServer[1683] - INFO - Connecting to remote server rivendale.nz:34521...
2019-11-12 22:15:02,824 - IRCServer[1683] - DEBUG - Listening for new connections on port 7855
2019-11-12 22:15:03,303 - IRCServer[1683] - INFO - Launching server lothlorien.nz...
2019-11-12 22:15:03,315 - IRCServer[1683] - INFO - Configuring the server socket...
2019-11-12 22:15:03,316 - IRCServer[1683] - INFO - Connecting to remote server mirkwood.nz:7855...
2019-11-12 22:15:03,319 - IRCServer[1683] - DEBUG - Listening for new connections on port 7556
2019-11-12 22:15:03,816 - IRCServer[1683] - INFO - Launching server isengard.nz...
2019-11-12 22:15:03,820 - IRCServer[1683] - INFO - Configuring the server socket...
2019-11-12 22:15:03,822 - IRCServer[1683] - INFO - Connecting to remote server rivendale.nz:34521...
2019-11-12 22:15:03,863 - IRCServer[1683] - DEBUG - Listening for new connections on port 6443
2019-11-12 22:15:04,359 - IRCServer[1683] - INFO - Launching server minastirith.nz...
2019-11-12 22:15:04,368 - IRCServer[1683] - INFO - Configuring the server socket...
2019-11-12 22:15:04,479 - IRCServer[1683] - INFO - Connecting to remote server theshire.nz:13412...
2019-11-12 22:15:04,517 - IRCServer[1683] - DEBUG - Listening for new connections on port 6432
2019-11-12 22:15:04,909 - IRCServer[1683] - INFO - Launching server osgiliath.nz...
2019-11-12 22:15:04,921 - IRCServer[1683] - INFO - Configuring the server socket...
2019-11-12 22:15:05,001 - IRCServer[1683] - INFO - Connecting to remote server minastirith.nz:6432...
2019-11-12 22:15:05,062 - IRCServer[1683] - DEBUG - Listening for new connections on port 8558
2019-11-12 22:15:05,460 - IRCServer[1683] - INFO - Launching server barad-dur.nz...
2019-11-12 22:15:05,773 - IRCServer[1683] - INFO - Configuring the server socket...
2019-11-12 22:15:05,806 - IRCServer[1683] - INFO - Connecting to remote server minastirith.nz:6432...
2019-11-12 22:15:05,821 - IRCServer[1683] - DEBUG - Listening for new connections on port 2363
2019-11-12 22:15:13,964 - IRCServer[1683] - INFO - Launching server theshire.nz...
2019-11-12 22:15:13,965 - IRCServer[1683] - INFO - Configuring the server socket...
2019-11-12 22:15:13,966 - IRCServer[1683] - DEBUG - Listening for new connections on port 9315
2019-11-12 22:15:14,470 - IRCServer[1683] - INFO - Launching client samgamgee@windows1...
2019-11-12 22:15:18,484 - IRCServer[1683] - INFO - Launching server theshire.nz...
2019-11-12 22:15:18,485 - IRCServer[1683] - INFO - Configuring the server socket...
2019-11-12 22:15:18,486 - IRCServer[1683] - DEBUG - Listening for new connections on port 7426
2019-11-12 22:15:18,991 - IRCServer[1683] - INFO - Launching client samgamgee@windows1...
2019-11-12 22:15:19,505 - IRCServer[1683] - INFO - Launching client frodobaggins@BrandyHall...
2019-11-12 22:15:20,026 - IRCServer[1683] - INFO - Launching client pippintook@Windows3...
2019-11-12 22:15:20,534 - IRCServer[1683] - INFO - Launching client merrybrandybuck@Windows3...
2019-11-12 22:15:24,552 - IRCServer[1683] - INFO - Launching server theshire.nz...
2019-11-12 22:15:24,553 - IRCServer[1683] - INFO - Configuring the server socket...
2019-11-12 22:15:24,553 - IRCServer[1683] - DEBUG - Listening for new connections on port 8795
2019-11-12 22:15:25,055 - IRCServer[1683] - INFO - Launching server rivendale.nz...
2019-11-12 22:15:25,056 - IRCServer[1683] - INFO - Configuring the server socket...
2019-11-12 22:15:25,057 - IRCServer[1683] - INFO - Connecting to remote server theshire.nz:8795...
2019-11-12 22:15:25,063 - IRCServer[1683] - DEBUG - Listening for new connections on port 4237
2019-11-12 22:15:25,560 - IRCServer[1683] - INFO - Launching server minastirith.nz...
2019-11-12 22:15:25,572 - IRCServer[1683] - INFO - Configuring the server socket...
2019-11-12 22:15:25,581 - IRCServer[1683] - INFO - Connecting to remote server theshire.nz:8795...
2019-11-12 22:15:25,583 - IRCServer[1683] - DEBUG - Listening for new connections on port 21342
2019-11-12 22:15:26,062 - IRCServer[1683] - INFO - Launching client samgamgee@windows1...
2019-11-12 22:15:27,072 - IRCServer[1683] - INFO - Launching client elrond@windows1...
2019-11-12 22:15:28,076 - IRCServer[1683] - INFO - Launching client frodobaggins@BrandyHall...
2019-11-12 22:15:29,084 - IRCServer[1683] - INFO - Launching client pippintook@Windows3...
2019-11-12 22:15:30,108 - IRCServer[1683] - INFO - Launching client denethor@windows1...
2019-11-12 22:15:31,111 - IRCServer[1683] - INFO - Launching client aragorn@windows1...
2019-11-12 22:15:32,116 - IRCServer[1683] - INFO - Launching client merrybrandybuck@Windows3...
2019-11-12 22:15:36,269 - IRCServer[1683] - INFO - Launching server theshire.nz...
2019-11-12 22:15:36,271 - IRCServer[1683] - INFO - Configuring the server socket...
2019-11-12 22:15:36,271 - IRCServer[1683] - DEBUG - Listening for new connections on port 5555
2019-11-12 22:15:36,775 - IRCServer[1683] - INFO - Launching server rivendale.nz...
2019-11-12 22:15:36,777 - IRCServer[1683] - INFO - Configuring the server socket...
2019-11-12 22:15:36,778 - IRCServer[1683] - INFO - Connecting to remote server theshire.nz:5555...
2019-11-12 22:15:36,780 - IRCServer[1683] - DEBUG - Listening for new connections on port 5556
2019-11-12 22:15:37,279 - IRCServer[1683] - INFO - Launching server minastirith.nz...
2019-11-12 22:15:37,290 - IRCServer[1683] - INFO - Configuring the server socket...
2019-11-12 22:15:37,304 - IRCServer[1683] - INFO - Connecting to remote server theshire.nz:5555...
2019-11-12 22:15:37,313 - IRCServer[1683] - DEBUG - Listening for new connections on port 5557
2019-11-12 22:15:37,800 - IRCServer[1683] - INFO - Launching client samgamgee@windows1...
2019-11-12 22:15:38,802 - IRCServer[1683] - INFO - Launching client elrond@windows1...
2019-11-12 22:15:39,811 - IRCServer[1683] - INFO - Launching client frodobaggins@BrandyHall...
2019-11-12 22:15:40,813 - IRCServer[1683] - INFO - Launching client pippintook@Windows3...
2019-11-12 22:15:41,823 - IRCServer[1683] - INFO - Launching client denethor@windows1...
2019-11-12 22:15:42,831 - IRCServer[1683] - INFO - Launching client samgamgee@windows1...
2019-11-12 22:15:43,879 - IRCServer[1683] - INFO - Launching client merrybrandybuck@Windows3...
2019-11-12 22:15:47,903 - IRCServer[1683] - INFO - Launching server theshire.nz...
2019-11-12 22:15:47,905 - IRCServer[1683] - INFO - Configuring the server socket...
2019-11-12 22:15:47,906 - IRCServer[1683] - DEBUG - Listening for new connections on port 6213
2019-11-12 22:15:48,406 - IRCServer[1683] - INFO - Launching client samgamgee@windows1...
2019-11-12 22:15:48,915 - IRCServer[1683] - INFO - Launching client frodobaggins@BrandyHall...
2019-11-12 22:15:49,426 - IRCServer[1683] - INFO - Launching client pippintook@Windows3...
2019-11-12 22:15:49,932 - IRCServer[1683] - INFO - Launching client merrybrandybuck@Windows3...
2019-11-12 22:15:53,456 - IRCServer[1683] - INFO - Launching server theshire.nz...
2019-11-12 22:15:53,458 - IRCServer[1683] - INFO - Configuring the server socket...
2019-11-12 22:15:53,459 - IRCServer[1683] - DEBUG - Listening for new connections on port 5674
2019-11-12 22:15:53,962 - IRCServer[1683] - INFO - Launching server rivendale.nz...
2019-11-12 22:15:53,964 - IRCServer[1683] - INFO - Configuring the server socket...
2019-11-12 22:15:53,966 - IRCServer[1683] - INFO - Connecting to remote server theshire.nz:5674...
2019-11-12 22:15:53,970 - IRCServer[1683] - DEBUG - Listening for new connections on port 2235
2019-11-12 22:15:54,465 - IRCServer[1683] - INFO - Launching server minastirith.nz...
2019-11-12 22:15:54,468 - IRCServer[1683] - INFO - Configuring the server socket...
2019-11-12 22:15:54,547 - IRCServer[1683] - INFO - Connecting to remote server theshire.nz:5674...
2019-11-12 22:15:54,550 - IRCServer[1683] - DEBUG - Listening for new connections on port 7532
2019-11-12 22:15:54,983 - IRCServer[1683] - INFO - Launching client samgamgee@windows1...
2019-11-12 22:15:55,989 - IRCServer[1683] - INFO - Launching client elrond@windows1...
2019-11-12 22:15:57,017 - IRCServer[1683] - INFO - Launching client frodobaggins@BrandyHall...
2019-11-12 22:15:58,019 - IRCServer[1683] - INFO - Launching client pippintook@Windows3...
2019-11-12 22:15:59,023 - IRCServer[1683] - INFO - Launching client denethor@windows1...
2019-11-12 22:16:00,027 - IRCServer[1683] - INFO - Launching client aragorn@windows1...
2019-11-12 22:16:01,034 - IRCServer[1683] - INFO - Launching client merrybrandybuck@Windows3...
