2019-10-08 20:09:20,684 - IRCServer[31359] - INFO - Launching server osgiliath.nz...
2019-10-08 20:09:20,734 - IRCServer[31359] - INFO - Configuring the server socket...
2019-10-08 20:09:20,777 - IRCServer[31359] - INFO - Connecting to remote server minastirith.nz:5557...
2019-10-08 20:09:20,866 - IRCServer[31359] - DEBUG - Listening for new connections on port 8558
2019-10-08 20:09:21,525 - IRCServer[31359] - INFO - Launching server barad-dur.nz...
2019-10-08 20:09:21,587 - IRCServer[31359] - INFO - Configuring the server socket...
2019-10-08 20:09:21,681 - IRCServer[31359] - INFO - Connecting to remote server minastirith.nz:5557...
2019-10-08 20:09:21,706 - IRCServer[31359] - DEBUG - Listening for new connections on port 5558
2019-10-08 20:09:22,280 - IRCServer[31359] - INFO - Launching server theshire.nz...
2019-10-08 20:09:22,280 - IRCServer[31359] - INFO - Configuring the server socket...
2019-10-08 20:09:22,280 - IRCServer[31359] - DEBUG - Listening for new connections on port 5555
2019-10-08 20:09:22,835 - IRCServer[31359] - INFO - Launching client samgamgee@windows1...
2019-10-08 20:09:23,355 - IRCServer[31359] - INFO - Launching server theshire.nz...
2019-10-08 20:09:23,356 - IRCServer[31359] - INFO - Configuring the server socket...
2019-10-08 20:09:23,357 - IRCServer[31359] - DEBUG - Listening for new connections on port 5555
2019-10-08 20:09:23,902 - IRCServer[31359] - INFO - Launching client samgamgee@windows1...
2019-10-08 20:09:24,448 - IRCServer[31359] - INFO - Launching client frodobaggins@BrandyHall...
2019-10-08 20:09:25,000 - IRCServer[31359] - INFO - Launching client pippintook@Windows3...
2019-10-08 20:09:25,570 - IRCServer[31359] - INFO - Launching client merrybrandybuck@Windows3...
2019-10-08 20:09:26,092 - IRCServer[31359] - INFO - Launching server theshire.nz...
2019-10-08 20:09:26,092 - IRCServer[31359] - INFO - Configuring the server socket...
2019-10-08 20:09:26,093 - IRCServer[31359] - DEBUG - Listening for new connections on port 5555
2019-10-08 20:09:26,630 - IRCServer[31359] - INFO - Launching server rivendale.nz...
2019-10-08 20:09:26,669 - IRCServer[31359] - INFO - Configuring the server socket...
2019-10-08 20:09:26,708 - IRCServer[31359] - INFO - Connecting to remote server theshire.nz:5555...
2019-10-08 20:09:26,735 - IRCServer[31359] - DEBUG - Listening for new connections on port 5556
2019-10-08 20:09:27,204 - IRCServer[31359] - INFO - Launching server minastirith.nz...
2019-10-08 20:09:27,248 - IRCServer[31359] - INFO - Configuring the server socket...
2019-10-08 20:09:27,287 - IRCServer[31359] - INFO - Connecting to remote server theshire.nz:5555...
2019-10-08 20:09:27,338 - IRCServer[31359] - DEBUG - Listening for new connections on port 5557
2019-10-08 20:09:27,806 - IRCServer[31359] - INFO - Launching client samgamgee@windows1...
2019-10-08 20:09:28,936 - IRCServer[31359] - INFO - Launching client elrond@windows1...
2019-10-08 20:09:30,048 - IRCServer[31359] - INFO - Launching client frodobaggins@BrandyHall...
2019-10-08 20:09:31,177 - IRCServer[31359] - INFO - Launching client pippintook@Windows3...
2019-10-08 20:09:32,261 - IRCServer[31359] - INFO - Launching client denethor@windows1...
2019-10-08 20:09:33,433 - IRCServer[31359] - INFO - Launching client aragorn@windows1...
2019-10-08 20:09:34,562 - IRCServer[31359] - INFO - Launching client merrybrandybuck@Windows3...
2019-10-08 20:09:35,620 - IRCServer[31359] - INFO - Launching server theshire.nz...
2019-10-08 20:09:35,621 - IRCServer[31359] - INFO - Configuring the server socket...
2019-10-08 20:09:35,622 - IRCServer[31359] - DEBUG - Listening for new connections on port 5555
2019-10-08 20:09:36,169 - IRCServer[31359] - INFO - Launching server rivendale.nz...
2019-10-08 20:09:36,202 - IRCServer[31359] - INFO - Configuring the server socket...
2019-10-08 20:09:36,247 - IRCServer[31359] - INFO - Connecting to remote server theshire.nz:5555...
2019-10-08 20:09:36,286 - IRCServer[31359] - DEBUG - Listening for new connections on port 5556
2019-10-08 20:09:36,724 - IRCServer[31359] - INFO - Launching server minastirith.nz...
2019-10-08 20:09:36,745 - IRCServer[31359] - INFO - Configuring the server socket...
2019-10-08 20:09:36,819 - IRCServer[31359] - INFO - Connecting to remote server theshire.nz:5555...
2019-10-08 20:09:36,865 - IRCServer[31359] - DEBUG - Listening for new connections on port 5557
2019-10-08 20:09:37,316 - IRCServer[31359] - INFO - Launching client samgamgee@windows1...
2019-10-08 20:09:38,432 - IRCServer[31359] - INFO - Launching client elrond@windows1...
2019-10-08 20:09:39,540 - IRCServer[31359] - INFO - Launching client frodobaggins@BrandyHall...
2019-10-08 20:09:40,626 - IRCServer[31359] - INFO - Launching client pippintook@Windows3...
2019-10-08 20:09:41,746 - IRCServer[31359] - INFO - Launching client denethor@windows1...
2019-10-08 20:09:42,863 - IRCServer[31359] - INFO - Launching client samgamgee@windows1...
2019-10-08 20:09:43,977 - IRCServer[31359] - INFO - Launching client merrybrandybuck@Windows3...
2019-10-08 20:09:45,019 - IRCServer[31359] - INFO - Launching server theshire.nz...
2019-10-08 20:09:45,020 - IRCServer[31359] - INFO - Configuring the server socket...
2019-10-08 20:09:45,021 - IRCServer[31359] - DEBUG - Listening for new connections on port 5555
2019-10-08 20:09:45,567 - IRCServer[31359] - INFO - Launching client samgamgee@windows1...
2019-10-08 20:09:46,110 - IRCServer[31359] - INFO - Launching client frodobaggins@BrandyHall...
2019-10-08 20:09:46,650 - IRCServer[31359] - INFO - Launching client pippintook@Windows3...
2019-10-08 20:09:47,192 - IRCServer[31359] - INFO - Launching client merrybrandybuck@Windows3...
2019-10-08 20:09:48,736 - IRCServer[31359] - INFO - Launching server theshire.nz...
2019-10-08 20:09:48,737 - IRCServer[31359] - INFO - Configuring the server socket...
2019-10-08 20:09:48,738 - IRCServer[31359] - DEBUG - Listening for new connections on port 5555
2019-10-08 20:09:49,279 - IRCServer[31359] - INFO - Launching server rivendale.nz...
2019-10-08 20:09:49,405 - IRCServer[31359] - INFO - Configuring the server socket...
2019-10-08 20:09:49,415 - IRCServer[31359] - INFO - Connecting to remote server theshire.nz:5555...
2019-10-08 20:09:49,466 - IRCServer[31359] - DEBUG - Listening for new connections on port 5556
2019-10-08 20:09:49,819 - IRCServer[31359] - INFO - Launching server minastirith.nz...
2019-10-08 20:09:49,961 - IRCServer[31359] - INFO - Configuring the server socket...
2019-10-08 20:09:49,994 - IRCServer[31359] - INFO - Connecting to remote server theshire.nz:5555...
2019-10-08 20:09:50,084 - IRCServer[31359] - DEBUG - Listening for new connections on port 5557
2019-10-08 20:09:50,472 - IRCServer[31359] - INFO - Launching client samgamgee@windows1...
2019-10-08 20:09:51,516 - IRCServer[31359] - INFO - Launching client elrond@windows1...
2019-10-08 20:09:52,678 - IRCServer[31359] - INFO - Launching client frodobaggins@BrandyHall...
2019-10-08 20:09:53,894 - IRCServer[31359] - INFO - Launching client pippintook@Windows3...
2019-10-08 20:09:54,976 - IRCServer[31359] - INFO - Launching client denethor@windows1...
2019-10-08 20:09:56,046 - IRCServer[31359] - INFO - Launching client aragorn@windows1...
2019-10-08 20:09:57,201 - IRCServer[31359] - INFO - Launching client merrybrandybuck@Windows3...
2019-10-08 20:10:01,306 - IRCServer[31359] - INFO - Launching server theshire.nz...
2019-10-08 20:10:01,308 - IRCServer[31359] - INFO - Configuring the server socket...
2019-10-08 20:10:01,309 - IRCServer[31359] - DEBUG - Listening for new connections on port 5555
2019-10-08 20:10:01,850 - IRCServer[31359] - INFO - Launching client samgamgee@windows1...
2019-10-08 20:10:02,390 - IRCServer[31359] - INFO - Launching client frodobaggins@BrandyHall...
2019-10-08 20:10:03,935 - IRCServer[31359] - INFO - Launching server theshire.nz...
2019-10-08 20:10:03,937 - IRCServer[31359] - INFO - Configuring the server socket...
2019-10-08 20:10:03,940 - IRCServer[31359] - DEBUG - Listening for new connections on port 5555
2019-10-08 20:10:04,479 - IRCServer[31359] - INFO - Launching client samgamgee@windows1...
2019-10-08 20:10:05,020 - IRCServer[31359] - INFO - Launching client frodobaggins@BrandyHall...
2019-10-08 20:10:05,571 - IRCServer[31359] - INFO - Launching client pippintook@Windows3...
2019-10-08 20:10:07,625 - IRCServer[31359] - INFO - Launching server theshire.nz...
2019-10-08 20:10:07,627 - IRCServer[31359] - INFO - Configuring the server socket...
2019-10-08 20:10:07,629 - IRCServer[31359] - DEBUG - Listening for new connections on port 5555
2019-10-08 20:10:08,163 - IRCServer[31359] - INFO - Launching client samgamgee@windows1...
2019-10-08 20:10:08,713 - IRCServer[31359] - INFO - Launching client frodobaggins@BrandyHall...
2019-10-08 20:10:09,262 - IRCServer[31359] - INFO - Launching client pippintook@Windows3...
2019-10-08 20:10:11,318 - IRCServer[31359] - INFO - Launching server theshire.nz...
2019-10-08 20:10:11,320 - IRCServer[31359] - INFO - Configuring the server socket...
2019-10-08 20:10:11,321 - IRCServer[31359] - DEBUG - Listening for new connections on port 5555
2019-10-08 20:10:11,854 - IRCServer[31359] - INFO - Launching server rivendale.nz...
2019-10-08 20:10:11,891 - IRCServer[31359] - INFO - Configuring the server socket...
2019-10-08 20:10:11,950 - IRCServer[31359] - INFO - Connecting to remote server theshire.nz:5555...
2019-10-08 20:10:12,003 - IRCServer[31359] - DEBUG - Listening for new connections on port 5556
2019-10-08 20:10:12,427 - IRCServer[31359] - INFO - Launching server minastirith.nz...
2019-10-08 20:10:12,535 - IRCServer[31359] - INFO - Configuring the server socket...
2019-10-08 20:10:12,605 - IRCServer[31359] - INFO - Connecting to remote server theshire.nz:5555...
2019-10-08 20:10:12,670 - IRCServer[31359] - DEBUG - Listening for new connections on port 5557
2019-10-08 20:10:13,014 - IRCServer[31359] - INFO - Launching client samgamgee@windows1...
2019-10-08 20:10:14,196 - IRCServer[31359] - INFO - Launching client elrond@windows1...
2019-10-08 20:10:15,308 - IRCServer[31359] - INFO - Launching client frodobaggins@BrandyHall...
2019-10-08 20:10:16,431 - IRCServer[31359] - INFO - Launching client pippintook@Windows3...
2019-10-08 20:10:17,564 - IRCServer[31359] - INFO - Launching client denethor@windows1...
2019-10-08 20:10:18,640 - IRCServer[31359] - INFO - Launching client aragorn@windows1...
2019-10-08 20:10:19,791 - IRCServer[31359] - INFO - Launching client merrybrandybuck@Windows3...
2019-10-08 20:10:23,957 - IRCServer[31359] - INFO - Launching server theshire.nz...
2019-10-08 20:10:23,959 - IRCServer[31359] - INFO - Configuring the server socket...
2019-10-08 20:10:23,960 - IRCServer[31359] - DEBUG - Listening for new connections on port 5555
2019-10-08 20:10:24,507 - IRCServer[31359] - INFO - Launching server rivendale.nz...
2019-10-08 20:10:24,567 - IRCServer[31359] - INFO - Configuring the server socket...
2019-10-08 20:10:24,587 - IRCServer[31359] - INFO - Connecting to remote server theshire.nz:5555...
2019-10-08 20:10:24,686 - IRCServer[31359] - DEBUG - Listening for new connections on port 5556
2019-10-08 20:10:25,082 - IRCServer[31359] - INFO - Launching server minastirith.nz...
2019-10-08 20:10:25,228 - IRCServer[31359] - INFO - Configuring the server socket...
2019-10-08 20:10:25,318 - IRCServer[31359] - INFO - Connecting to remote server theshire.nz:5555...
2019-10-08 20:10:25,371 - IRCServer[31359] - DEBUG - Listening for new connections on port 5557
2019-10-08 20:10:25,659 - IRCServer[31359] - INFO - Launching client samgamgee@windows1...
2019-10-08 20:10:26,751 - IRCServer[31359] - INFO - Launching client elrond@windows1...
2019-10-08 20:10:27,893 - IRCServer[31359] - INFO - Launching client frodobaggins@BrandyHall...
2019-10-08 20:10:29,051 - IRCServer[31359] - INFO - Launching client pippintook@Windows3...
2019-10-08 20:10:30,113 - IRCServer[31359] - INFO - Launching client denethor@windows1...
2019-10-08 20:10:31,246 - IRCServer[31359] - INFO - Launching client aragorn@windows1...
2019-10-08 20:10:32,339 - IRCServer[31359] - INFO - Launching client merrybrandybuck@Windows3...
2019-10-08 20:10:37,508 - IRCServer[31359] - INFO - Launching server theshire.nz...
2019-10-08 20:10:37,510 - IRCServer[31359] - INFO - Configuring the server socket...
2019-10-08 20:10:37,512 - IRCServer[31359] - DEBUG - Listening for new connections on port 5555
2019-10-08 20:10:38,052 - IRCServer[31359] - INFO - Launching server rivendale.nz...
2019-10-08 20:10:38,118 - IRCServer[31359] - INFO - Configuring the server socket...
2019-10-08 20:10:38,159 - IRCServer[31359] - INFO - Connecting to remote server theshire.nz:5555...
2019-10-08 20:10:38,238 - IRCServer[31359] - DEBUG - Listening for new connections on port 5556
2019-10-08 20:10:38,612 - IRCServer[31359] - INFO - Launching server minastirith.nz...
2019-10-08 20:10:38,770 - IRCServer[31359] - INFO - Configuring the server socket...
2019-10-08 20:10:38,884 - IRCServer[31359] - INFO - Connecting to remote server theshire.nz:5555...
2019-10-08 20:10:39,005 - IRCServer[31359] - DEBUG - Listening for new connections on port 5557
2019-10-08 20:10:39,200 - IRCServer[31359] - INFO - Launching client samgamgee@windows1...
2019-10-08 20:10:40,290 - IRCServer[31359] - INFO - Launching client elrond@windows1...
2019-10-08 20:10:41,423 - IRCServer[31359] - INFO - Launching client frodobaggins@BrandyHall...
2019-10-08 20:10:42,543 - IRCServer[31359] - INFO - Launching client pippintook@Windows3...
2019-10-08 20:10:43,640 - IRCServer[31359] - INFO - Launching client denethor@windows1...
2019-10-08 20:10:44,721 - IRCServer[31359] - INFO - Launching client aragorn@windows1...
2019-10-08 20:10:45,828 - IRCServer[31359] - INFO - Launching client merrybrandybuck@Windows3...
2019-10-08 20:10:52,444 - IRCServer[31359] - INFO - Launching server theshire.nz...
2019-10-08 20:10:52,446 - IRCServer[31359] - INFO - Configuring the server socket...
2019-10-08 20:10:52,448 - IRCServer[31359] - DEBUG - Listening for new connections on port 5555
2019-10-08 20:10:52,987 - IRCServer[31359] - INFO - Launching client samgamgee@windows1...
2019-10-08 20:10:53,527 - IRCServer[31359] - INFO - Launching client frodobaggins@BrandyHall...
2019-10-08 20:10:55,579 - IRCServer[31359] - INFO - Launching server theshire.nz...
2019-10-08 20:10:55,582 - IRCServer[31359] - INFO - Configuring the server socket...
2019-10-08 20:10:55,586 - IRCServer[31359] - DEBUG - Listening for new connections on port 5555
2019-10-08 20:10:56,128 - IRCServer[31359] - INFO - Launching client samgamgee@windows1...
2019-10-08 20:10:56,677 - IRCServer[31359] - INFO - Launching client frodobaggins@BrandyHall...
2019-10-08 20:10:58,730 - IRCServer[31359] - INFO - Launching server theshire.nz...
2019-10-08 20:10:58,732 - IRCServer[31359] - INFO - Configuring the server socket...
2019-10-08 20:10:58,736 - IRCServer[31359] - DEBUG - Listening for new connections on port 5555
2019-10-08 20:10:59,273 - IRCServer[31359] - INFO - Launching client samgamgee@windows1...
2019-10-08 20:10:59,816 - IRCServer[31359] - INFO - Launching client frodobaggins@BrandyHall...
2019-10-08 20:11:01,375 - IRCServer[31359] - INFO - Launching server theshire.nz...
2019-10-08 20:11:01,379 - IRCServer[31359] - INFO - Configuring the server socket...
2019-10-08 20:11:01,382 - IRCServer[31359] - DEBUG - Listening for new connections on port 5555
2019-10-08 20:11:01,901 - IRCServer[31359] - INFO - Launching server rivendale.nz...
2019-10-08 20:11:01,974 - IRCServer[31359] - INFO - Configuring the server socket...
2019-10-08 20:11:02,082 - IRCServer[31359] - INFO - Connecting to remote server theshire.nz:5555...
2019-10-08 20:11:02,143 - IRCServer[31359] - DEBUG - Listening for new connections on port 5556
2019-10-08 20:11:02,460 - IRCServer[31359] - INFO - Launching server minastirith.nz...
2019-10-08 20:11:02,663 - IRCServer[31359] - INFO - Configuring the server socket...
2019-10-08 20:11:02,771 - IRCServer[31359] - INFO - Connecting to remote server theshire.nz:5555...
2019-10-08 20:11:02,903 - IRCServer[31359] - DEBUG - Listening for new connections on port 5557
2019-10-08 20:11:03,055 - IRCServer[31359] - INFO - Launching client samgamgee@windows1...
2019-10-08 20:11:04,144 - IRCServer[31359] - INFO - Launching client elrond@windows1...
2019-10-08 20:11:05,251 - IRCServer[31359] - INFO - Launching client frodobaggins@BrandyHall...
2019-10-08 20:11:06,382 - IRCServer[31359] - INFO - Launching client pippintook@Windows3...
2019-10-08 20:11:07,453 - IRCServer[31359] - INFO - Launching client denethor@windows1...
2019-10-08 20:11:08,551 - IRCServer[31359] - INFO - Launching client aragorn@windows1...
2019-10-08 20:11:09,677 - IRCServer[31359] - INFO - Launching client merrybrandybuck@Windows3...
2019-10-08 20:11:14,827 - IRCServer[31359] - INFO - Launching server theshire.nz...
2019-10-08 20:11:14,830 - IRCServer[31359] - INFO - Configuring the server socket...
2019-10-08 20:11:14,835 - IRCServer[31359] - DEBUG - Listening for new connections on port 5555
2019-10-08 20:11:15,376 - IRCServer[31359] - INFO - Launching client samgamgee@windows1...
2019-10-08 20:11:15,919 - IRCServer[31359] - INFO - Launching client frodobaggins@BrandyHall...
2019-10-08 20:11:18,478 - IRCServer[31359] - INFO - Launching server theshire.nz...
2019-10-08 20:11:18,480 - IRCServer[31359] - INFO - Configuring the server socket...
2019-10-08 20:11:18,485 - IRCServer[31359] - DEBUG - Listening for new connections on port 5555
2019-10-08 20:11:19,035 - IRCServer[31359] - INFO - Launching client samgamgee@windows1...
2019-10-08 20:11:19,571 - IRCServer[31359] - INFO - Launching client frodobaggins@BrandyHall...
2019-10-08 20:11:21,626 - IRCServer[31359] - INFO - Launching server theshire.nz...
2019-10-08 20:11:21,628 - IRCServer[31359] - INFO - Configuring the server socket...
2019-10-08 20:11:21,633 - IRCServer[31359] - DEBUG - Listening for new connections on port 5555
2019-10-08 20:11:22,173 - IRCServer[31359] - INFO - Launching client samgamgee@windows1...
2019-10-08 20:11:22,722 - IRCServer[31359] - INFO - Launching client frodobaggins@BrandyHall...
2019-10-08 20:11:24,779 - IRCServer[31359] - INFO - Launching server theshire.nz...
2019-10-08 20:11:24,781 - IRCServer[31359] - INFO - Configuring the server socket...
2019-10-08 20:11:24,787 - IRCServer[31359] - DEBUG - Listening for new connections on port 5555
2019-10-08 20:11:25,334 - IRCServer[31359] - INFO - Launching server rivendale.nz...
2019-10-08 20:11:25,396 - IRCServer[31359] - INFO - Configuring the server socket...
2019-10-08 20:11:25,463 - IRCServer[31359] - INFO - Connecting to remote server theshire.nz:5555...
2019-10-08 20:11:25,544 - IRCServer[31359] - DEBUG - Listening for new connections on port 5556
2019-10-08 20:11:25,896 - IRCServer[31359] - INFO - Launching server minastirith.nz...
2019-10-08 20:11:26,118 - IRCServer[31359] - INFO - Configuring the server socket...
2019-10-08 20:11:26,173 - IRCServer[31359] - INFO - Connecting to remote server theshire.nz:5555...
2019-10-08 20:11:26,252 - IRCServer[31359] - DEBUG - Listening for new connections on port 5557
2019-10-08 20:11:26,506 - IRCServer[31359] - INFO - Launching client samgamgee@windows1...
2019-10-08 20:11:27,602 - IRCServer[31359] - INFO - Launching client elrond@windows1...
2019-10-08 20:11:28,726 - IRCServer[31359] - INFO - Launching client frodobaggins@BrandyHall...
2019-10-08 20:11:29,797 - IRCServer[31359] - INFO - Launching client pippintook@Windows3...
2019-10-08 20:11:30,870 - IRCServer[31359] - INFO - Launching client denethor@windows1...
2019-10-08 20:11:32,027 - IRCServer[31359] - INFO - Launching client aragorn@windows1...
2019-10-08 20:11:33,099 - IRCServer[31359] - INFO - Launching client merrybrandybuck@Windows3...
2019-10-08 20:11:39,692 - IRCServer[31359] - INFO - Launching server theshire.nz...
2019-10-08 20:11:39,695 - IRCServer[31359] - INFO - Configuring the server socket...
2019-10-08 20:11:39,700 - IRCServer[31359] - DEBUG - Listening for new connections on port 5555
2019-10-08 20:11:40,236 - IRCServer[31359] - INFO - Launching client samgamgee@windows1...
2019-10-08 20:11:41,283 - IRCServer[31359] - INFO - Launching client frodobaggins@BrandyHall...
2019-10-08 20:11:43,861 - IRCServer[31359] - INFO - Launching server rivendale.nz...
2019-10-08 20:11:43,929 - IRCServer[31359] - INFO - Configuring the server socket...
2019-10-08 20:11:44,055 - IRCServer[31359] - INFO - Connecting to remote server theshire.nz:5555...
2019-10-08 20:11:44,171 - IRCServer[31359] - DEBUG - Listening for new connections on port 5556
2019-10-08 20:11:44,453 - IRCServer[31359] - INFO - Launching server minastirith.nz...
2019-10-08 20:11:44,671 - IRCServer[31359] - INFO - Configuring the server socket...
2019-10-08 20:11:44,990 - IRCServer[31359] - INFO - Connecting to remote server theshire.nz:5555...
2019-10-08 20:11:45,038 - IRCServer[31359] - INFO - Launching client elrond@windows1...
2019-10-08 20:11:45,208 - IRCServer[31359] - DEBUG - Listening for new connections on port 5557
2019-10-08 20:11:46,113 - IRCServer[31359] - INFO - Launching client denethor@windows1...
2019-10-08 20:11:47,168 - IRCServer[31359] - INFO - Launching server theshire.nz...
2019-10-08 20:11:47,173 - IRCServer[31359] - INFO - Configuring the server socket...
2019-10-08 20:11:47,178 - IRCServer[31359] - DEBUG - Listening for new connections on port 5555
2019-10-08 20:11:47,708 - IRCServer[31359] - INFO - Launching client samgamgee@windows1...
2019-10-08 20:11:48,262 - IRCServer[31359] - INFO - Launching client frodobaggins@BrandyHall...
2019-10-08 20:11:48,788 - IRCServer[31359] - INFO - Launching client pippintook@Windows3...
2019-10-08 20:11:51,364 - IRCServer[31359] - INFO - Launching server theshire.nz...
2019-10-08 20:11:51,368 - IRCServer[31359] - INFO - Configuring the server socket...
2019-10-08 20:11:51,374 - IRCServer[31359] - DEBUG - Listening for new connections on port 5555
2019-10-08 20:11:51,907 - IRCServer[31359] - INFO - Launching client samgamgee@windows1...
2019-10-08 20:11:52,453 - IRCServer[31359] - INFO - Launching client frodobaggins@BrandyHall...
2019-10-08 20:11:52,989 - IRCServer[31359] - INFO - Launching client pippintook@Windows3...
2019-10-08 20:11:55,040 - IRCServer[31359] - INFO - Launching server theshire.nz...
2019-10-08 20:11:55,044 - IRCServer[31359] - INFO - Configuring the server socket...
2019-10-08 20:11:55,051 - IRCServer[31359] - DEBUG - Listening for new connections on port 5555
2019-10-08 20:11:55,584 - IRCServer[31359] - INFO - Launching server rivendale.nz...
2019-10-08 20:11:55,710 - IRCServer[31359] - INFO - Configuring the server socket...
2019-10-08 20:11:55,770 - IRCServer[31359] - INFO - Connecting to remote server theshire.nz:5555...
2019-10-08 20:11:55,851 - IRCServer[31359] - DEBUG - Listening for new connections on port 5556
2019-10-08 20:11:56,164 - IRCServer[31359] - INFO - Launching server minastirith.nz...
2019-10-08 20:11:56,351 - IRCServer[31359] - INFO - Configuring the server socket...
2019-10-08 20:11:56,387 - IRCServer[31359] - INFO - Connecting to remote server theshire.nz:5555...
2019-10-08 20:11:56,523 - IRCServer[31359] - DEBUG - Listening for new connections on port 5557
2019-10-08 20:11:56,786 - IRCServer[31359] - INFO - Launching client samgamgee@windows1...
2019-10-08 20:11:57,884 - IRCServer[31359] - INFO - Launching client elrond@windows1...
2019-10-08 20:11:58,962 - IRCServer[31359] - INFO - Launching client frodobaggins@BrandyHall...
2019-10-08 20:12:00,115 - IRCServer[31359] - INFO - Launching client pippintook@Windows3...
2019-10-08 20:12:01,170 - IRCServer[31359] - INFO - Launching client denethor@windows1...
2019-10-08 20:12:02,265 - IRCServer[31359] - INFO - Launching client aragorn@windows1...
2019-10-08 20:12:03,349 - IRCServer[31359] - INFO - Launching client merrybrandybuck@Windows3...
2019-10-08 20:12:10,079 - IRCServer[31359] - INFO - Launching server theshire.nz...
2019-10-08 20:12:10,083 - IRCServer[31359] - INFO - Configuring the server socket...
2019-10-08 20:12:10,089 - IRCServer[31359] - DEBUG - Listening for new connections on port 5555
2019-10-08 20:12:10,622 - IRCServer[31359] - INFO - Launching client samgamgee@windows1...
2019-10-08 20:12:11,163 - IRCServer[31359] - INFO - Launching client frodobaggins@BrandyHall...
2019-10-08 20:12:11,701 - IRCServer[31359] - INFO - Launching client pippintook@Windows3...
2019-10-08 20:12:12,250 - IRCServer[31359] - INFO - Launching client merrybrandybuck@Windows3...
2019-10-08 20:12:13,282 - IRCServer[31359] - INFO - Launching server theshire.nz...
2019-10-08 20:12:13,286 - IRCServer[31359] - INFO - Configuring the server socket...
2019-10-08 20:12:13,293 - IRCServer[31359] - DEBUG - Listening for new connections on port 5555
2019-10-08 20:12:13,820 - IRCServer[31359] - INFO - Launching client samgamgee@windows1...
2019-10-08 20:12:14,856 - IRCServer[31359] - INFO - Launching server theshire.nz...
2019-10-08 20:12:14,863 - IRCServer[31359] - INFO - Configuring the server socket...
2019-10-08 20:12:14,870 - IRCServer[31359] - DEBUG - Listening for new connections on port 5555
2019-10-08 20:12:15,400 - IRCServer[31359] - INFO - Launching client samgamgee@windows1...
2019-10-08 20:12:15,943 - IRCServer[31359] - INFO - Launching client frodobaggins@BrandyHall...
2019-10-08 20:12:16,485 - IRCServer[31359] - INFO - Launching client pippintook@Windows3...
2019-10-08 20:12:18,535 - IRCServer[31359] - INFO - Launching server theshire.nz...
2019-10-08 20:12:18,542 - IRCServer[31359] - INFO - Configuring the server socket...
2019-10-08 20:12:18,547 - IRCServer[31359] - DEBUG - Listening for new connections on port 5555
2019-10-08 20:12:19,092 - IRCServer[31359] - INFO - Launching client frodobaggins@BrandyHall...
2019-10-08 20:12:21,144 - IRCServer[31359] - INFO - Launching server theshire.nz...
2019-10-08 20:12:21,149 - IRCServer[31359] - INFO - Configuring the server socket...
2019-10-08 20:12:21,156 - IRCServer[31359] - DEBUG - Listening for new connections on port 5555
2019-10-08 20:12:21,691 - IRCServer[31359] - INFO - Launching client samgamgee@windows1...
2019-10-08 20:12:22,233 - IRCServer[31359] - INFO - Launching client frodobaggins@BrandyHall...
2019-10-08 20:12:23,779 - IRCServer[31359] - INFO - Launching server theshire.nz...
2019-10-08 20:12:23,783 - IRCServer[31359] - INFO - Configuring the server socket...
2019-10-08 20:12:23,792 - IRCServer[31359] - DEBUG - Listening for new connections on port 5555
2019-10-08 20:12:24,322 - IRCServer[31359] - INFO - Launching server rivendale.nz...
2019-10-08 20:12:24,463 - IRCServer[31359] - INFO - Configuring the server socket...
2019-10-08 20:12:24,576 - IRCServer[31359] - INFO - Connecting to remote server theshire.nz:5555...
2019-10-08 20:12:24,757 - IRCServer[31359] - DEBUG - Listening for new connections on port 5556
2019-10-08 20:12:24,876 - IRCServer[31359] - INFO - Launching server minastirith.nz...
2019-10-08 20:12:25,021 - IRCServer[31359] - INFO - Configuring the server socket...
2019-10-08 20:12:25,176 - IRCServer[31359] - INFO - Connecting to remote server theshire.nz:5555...
2019-10-08 20:12:25,301 - IRCServer[31359] - DEBUG - Listening for new connections on port 5557
2019-10-08 20:12:25,414 - IRCServer[31359] - INFO - Launching client samgamgee@windows1...
2019-10-08 20:12:26,530 - IRCServer[31359] - INFO - Launching client elrond@windows1...
2019-10-08 20:12:27,679 - IRCServer[31359] - INFO - Launching client frodobaggins@BrandyHall...
2019-10-08 20:12:28,787 - IRCServer[31359] - INFO - Launching client pippintook@Windows3...
2019-10-08 20:12:29,957 - IRCServer[31359] - INFO - Launching client denethor@windows1...
2019-10-08 20:12:31,013 - IRCServer[31359] - INFO - Launching client aragorn@windows1...
2019-10-08 20:12:32,168 - IRCServer[31359] - INFO - Launching client merrybrandybuck@Windows3...
2019-10-08 20:12:39,342 - IRCServer[31359] - INFO - Launching server theshire.nz...
2019-10-08 20:12:39,355 - IRCServer[31359] - INFO - Configuring the server socket...
2019-10-08 20:12:39,363 - IRCServer[31359] - DEBUG - Listening for new connections on port 5555
2019-10-08 20:12:39,886 - IRCServer[31359] - INFO - Launching server rivendale.nz...
2019-10-08 20:12:40,012 - IRCServer[31359] - INFO - Configuring the server socket...
2019-10-08 20:12:40,153 - IRCServer[31359] - INFO - Connecting to remote server theshire.nz:5555...
2019-10-08 20:12:40,230 - IRCServer[31359] - DEBUG - Listening for new connections on port 5556
2019-10-08 20:12:40,451 - IRCServer[31359] - INFO - Launching server minastirith.nz...
2019-10-08 20:12:40,602 - IRCServer[31359] - INFO - Configuring the server socket...
2019-10-08 20:12:40,746 - IRCServer[31359] - INFO - Connecting to remote server theshire.nz:5555...
2019-10-08 20:12:40,906 - IRCServer[31359] - DEBUG - Listening for new connections on port 5557
2019-10-08 20:12:41,022 - IRCServer[31359] - INFO - Launching client samgamgee@windows1...
2019-10-08 20:12:42,197 - IRCServer[31359] - INFO - Launching client elrond@windows1...
2019-10-08 20:12:43,320 - IRCServer[31359] - INFO - Launching client frodobaggins@BrandyHall...
2019-10-08 20:12:44,434 - IRCServer[31359] - INFO - Launching client pippintook@Windows3...
2019-10-08 20:12:45,560 - IRCServer[31359] - INFO - Launching client denethor@windows1...
2019-10-08 20:12:46,639 - IRCServer[31359] - INFO - Launching client aragorn@windows1...
2019-10-08 20:12:47,746 - IRCServer[31359] - INFO - Launching client merrybrandybuck@Windows3...
2019-10-08 20:12:55,038 - IRCServer[31359] - INFO - Launching server theshire.nz...
2019-10-08 20:12:55,042 - IRCServer[31359] - INFO - Configuring the server socket...
2019-10-08 20:12:55,051 - IRCServer[31359] - DEBUG - Listening for new connections on port 5555
2019-10-08 20:12:55,591 - IRCServer[31359] - INFO - Launching server rivendale.nz...
2019-10-08 20:12:55,745 - IRCServer[31359] - INFO - Configuring the server socket...
2019-10-08 20:12:55,877 - IRCServer[31359] - INFO - Connecting to remote server theshire.nz:5555...
2019-10-08 20:12:55,967 - IRCServer[31359] - DEBUG - Listening for new connections on port 5556
2019-10-08 20:12:56,150 - IRCServer[31359] - INFO - Launching server minastirith.nz...
2019-10-08 20:12:56,319 - IRCServer[31359] - INFO - Configuring the server socket...
2019-10-08 20:12:56,455 - IRCServer[31359] - INFO - Connecting to remote server theshire.nz:5555...
2019-10-08 20:12:56,722 - IRCServer[31359] - INFO - Launching client samgamgee@windows1...
2019-10-08 20:12:56,749 - IRCServer[31359] - DEBUG - Listening for new connections on port 5557
2019-10-08 20:12:57,829 - IRCServer[31359] - INFO - Launching client elrond@windows1...
2019-10-08 20:12:58,974 - IRCServer[31359] - INFO - Launching client frodobaggins@BrandyHall...
2019-10-08 20:13:00,085 - IRCServer[31359] - INFO - Launching client pippintook@Windows3...
2019-10-08 20:13:01,257 - IRCServer[31359] - INFO - Launching client denethor@windows1...
2019-10-08 20:13:02,346 - IRCServer[31359] - INFO - Launching client aragorn@windows1...
2019-10-08 20:13:03,459 - IRCServer[31359] - INFO - Launching client merrybrandybuck@Windows3...
