2019-10-22 14:24:10,774 - IRCServer[60711] - INFO - Launching server theshire.nz...
2019-10-22 14:24:10,774 - IRCServer[60711] - INFO - Configuring the server socket...
2019-10-22 14:24:10,775 - IRCServer[60711] - DEBUG - Listening for new connections on port 5665
2019-10-22 14:24:11,280 - IRCServer[60711] - INFO - Launching server rivendale.nz...
2019-10-22 14:24:11,281 - IRCServer[60711] - INFO - Configuring the server socket...
2019-10-22 14:24:11,281 - IRCServer[60711] - INFO - Connecting to remote server theshire.nz:5665...
2019-10-22 14:24:11,282 - IRCServer[60711] - DEBUG - Listening for new connections on port 5777
2019-10-22 14:24:11,783 - IRCServer[60711] - INFO - Launching server minastirith.nz...
2019-10-22 14:24:11,783 - IRCServer[60711] - INFO - Configuring the server socket...
2019-10-22 14:24:11,784 - IRCServer[60711] - INFO - Connecting to remote server theshire.nz:5665...
2019-10-22 14:24:12,289 - IRCServer[60711] - INFO - Launching server barad-dur.nz...
2019-10-22 14:24:12,290 - IRCServer[60711] - INFO - Configuring the server socket...
2019-10-22 14:24:12,290 - IRCServer[60711] - INFO - Connecting to remote server minastirith.nz:5766...
2019-10-22 14:24:12,291 - IRCServer[60711] - DEBUG - Listening for new connections on port 2342
 14:24:11,783 - IRCServer[60711] - INFO - Launching server minastirith.nz...
2019-10-22 14:24:11,783 - IRCServer[60711] - INFO - Configuring the server socket...
2019-10-22 14:24:11,784 - IRCServer[60711] - INFO - Connecting to remote server theshire.nz:5665...
2019-10-22 14:24:12,289 - IRCServer[60711] - INFO - Launching server barad-dur.nz...
2019-10-22 14:24:12,290 - IRCServer[60711] - INFO - Configuring the server socket...
2019-10-22 14:24:12,290 - IRCServer[60711] - INFO - Connecting to remote server minastirith.nz:5766...
2019-10-22 14:24:12,291 - IRCServer[60711] - DEBUG - Listening for new connections on port 2342
