let complexH = [[5.;3.;10.];[5.;-8.;9.];[-8.;-9.;8.];[-9.;9.;7.];
                [2.;8.;6.];[-7.;3.;5.];[-1.;-1.;4.];[1.;1.;3.];
                [7.;-3.;2.];[9.;2.;1.]];;

# printList([[1.;1.];[2.;2.];[3.;3.];[4.;4.];[5.;5.]]);;
1. 1.
2. 2.
3. 3.
4. 4.
5. 5.
- : unit = ()

#printList(complexH);;
5. 3. 10.
5. -8. 9.
-8. -9. 8.
-9. 9. 7.
2. 8. 6.
-7. 3. 5. 
-1. -1. 4.
1. 1. 3.
7. -3. 2.
9. 2. 1.
- : unit = ()

# theClass([1.]);;
- : float = 1.

# theClass([1.;2.;3.;4.;-5.;6.]);;
- : float = 6.

# distanceR2([1.],[2.]);;
- : float = 0.

# distanceR2([1.;1.],[3.;2.]);;
- : float = 4.

# distanceAllVectors2([1.;1.;1.], complexH);;
- : float list = [20.; 97.; 181.; 164.; 50.; 68.; 8.; 0.; 52.; 65.]

# distanceAllVectors2(99.;99.;10.], complexH);;
- : float list = [18052.; 20285.; 2311.; 19764.; 17690.; 20452.; 20000.; 19208.;
18868.; 17509.]

# nnr1([1.;1.;1.], complexH);;
- : float = 3.

# nnr1([99.;99.;10.], complexH);;
- : float = 1.
