Script started on 2019-06-26 11:09:30-0400
        OCaml version 4.05.0

# #use"sde1_testing.caml"
  ;;


++++++++++Loading Student file:nnr1.caml+++++++++++

- : unit = ()
val lp : float list -> string = <fun>
val llp : float list list -> string = <fun>
val printList : float list list -> unit = <fun>
val distanceR2 : float list * float list -> float = <fun>
val distanceAllVectors2 : float list * float list list -> float list = <fun>
val list_1NNR_Aux : 'a list * int * ('a * int) -> 'a * int = <fun>
val checkm1 : 'a * 'a list * int * ('a * int) -> 'a * int = <fun>
val list_1NNR : float list -> float * int = <fun>
val theClass : 'a list -> 'a = <fun>
val trsetclass : ('a * int) * 'b list list -> 'b = <fun>
val nnr1 : float list * float list list -> float = <fun>
val simpleH : float list list =
  [[5.; 5.; 1.]; [5.; -5.; 2.]; [-5.; -5.; 3.]; [-5.; 5.; 4.]]
val t1 : float list = [3.; 3.; 0.]
val t2 : float list = [-1.; -1.; 0.]
val t3 : float list = [0.; 0.; 0.]
val t4 : float list = [-1.; 1.; 0.]
val t5 : float list = [0.; -1.; 0.]
val wcdata : float list list =
  [[326.495; 6.; 282.447; 11.; -36.1804; -11.7557; 1.];
   [519.186; 1.; 45.7228; 47.; -36.1804; -11.7557; 1.];
   [70.3244; 5.; 21.5593; 28.; -22.3607; 30.7768; 1.];
   [187.247; 1.; 70.3097; 18.; -22.3607; 30.7768; 1.];
   [426.179; 6.; 133.301; 22.; 36.1804; 11.7557; 7.];
   [1970.36; 5.; 751.209; 19.; 31.1803; 19.0212; 7.];
   [1281.91; 1.; 608.078; 22.; 17.8214; 10.8487; 7.];
   [482.068; 4.; 471.01; 20.; -22.3607; 30.7768; 1.];
   [924.921; 7.; 340.959; 16.; 36.1804; 11.7557; 1.];
   [485.993; 7.; 391.866; 21.; -22.3607; 30.7768; 1.];
   [185.204; 4.; 52.2527; 24.; -22.3607; 30.7768; 5.];
   [254.153; 24.; 186.337; 1.; 14.0018; 29.8699; 5.];
   [308.718; 10.; 156.7; 20.; -22.3607; -30.7768; 5.];
   [128.083; 8.; 13.3937; 54.; 0.; -10.; 4.];
   [144.025; 6.; 23.411; 16.; -22.3607; 30.7768; 4.];
   [190.704; 6.; 23.5136; 18.; 14.0018; -29.8699; 4.];
   [174.306; 12.; 55.5195; 22.; -14.0018; -29.8699; 5.];
   [201.648; 1.; 135.576; 49.; 36.1804; -11.7557; 5.];
   [53.8501; 6.; 48.8364; 25.; 0.; -10.; 5.];
   [150.294; 7.; 24.2179; 24.; 0.; -10.; 5.]]
val tvc1 : float list =
  [98.641683; 17.; 75.387416; 9.; -36.18035; 11.7557; 0.]
val tvc2 : float list = [1869.2331; 5.; 184.885; 27.; 17.82145; 10.8487; 0.]
val tvc3 : float list = [519.186; 1.; 45.7228; 47.; -36.1804; -11.7557; 1.]
val tvc4 : float list = [426.179; 6.; 133.301; 22.; 36.1804; 11.7557; 7.]
val tvc5 : float list = [185.204; 4.; 52.2527; 24.; -22.3607; 30.7768; 5.]
val tvc6 : float list = [482.068; 4.; 471.01; 20.; -22.3607; 30.7768; 1.]
val tvc7 : float list = [128.083; 8.; 13.3937; 54.; 0.; -10.; 4.]


++++++++++Testing Functions+++++++++++++++

- : unit = ()
val ans1 : float = 0.
5.  5.  1.
5.  -5.  2.
-5.  -5.  3.
-5.  5.  4.
val ans2 : unit = ()
326.495  6.  282.447  11.  -36.1804  -11.7557  1.
519.186  1.  45.7228  47.  -36.1804  -11.7557  1.
70.3244  5.  21.5593  28.  -22.3607  30.7768  1.
187.247  1.  70.3097  18.  -22.3607  30.7768  1.
426.179  6.  133.301  22.  36.1804  11.7557  7.
1970.36  5.  751.209  19.  31.1803  19.0212  7.
1281.91  1.  608.078  22.  17.8214  10.8487  7.
482.068  4.  471.01  20.  -22.3607  30.7768  1.
924.921  7.  340.959  16.  36.1804  11.7557  1.
485.993  7.  391.866  21.  -22.3607  30.7768  1.
185.204  4.  52.2527  24.  -22.3607  30.7768  5.
254.153  24.  186.337  1.  14.0018  29.8699  5.
308.718  10.  156.7  20.  -22.3607  -30.7768  5.
128.083  8.  13.3937  54.  0.  -10.  4.
144.025  6.  23.411  16.  -22.3607  30.7768  4.
190.704  6.  23.5136  18.  14.0018  -29.8699  4.
174.306  12.  55.5195  22.  -14.0018  -29.8699  5.
201.648  1.  135.576  49.  36.1804  -11.7557  5.
53.8501  6.  48.8364  25.  0.  -10.  5.
150.294  7.  24.2179  24.  0.  -10.  5.
val ans3 : unit = ()
val ans4 : float = 25.
val ans5 : float = 18.
val ans6 : float list = [0.; 100.; 200.; 100.]
val ans7 : float list = [916.; 936.; 436.; 416.]
val ans8 : float = 4.
val ans9 : float = 2.
val ans10 : float = 22759.1144708400097
val ans11 : float list =
  [38091.3004786; 22759.1144708400097; 142944.56649447; 64886.2671341099776;
   0.; 2766393.04571526; 958051.619620000129; 120967.81163642001;
   291902.427528000087; 74224.43645542; 68434.6401923099766;
   33990.7765115999937; 19600.6736674599888; 106049.317635940009;
   95511.55445042; 69742.3296970799856; 73776.9136434499815;
   51726.1315159599908; 147554.41025502; 89798.98775726]
val ans12 : float list =
  [61843.9609623399883; 184984.94607218; 371603.72387145;
   247493.152461089951; 120967.81163642001; 2296531.38967735972;
   660559.59191802016; 0.; 216845.904844420031; 6289.17836100000113;
   263501.910799289937; 135068.01802786; 132665.844272959977;
   338052.80657342; 314637.93465; 290154.2621361; 271165.697664349922;
   197237.418701459945; 363792.866740099969; 311884.91602114]
val ans13 : float = 1.
val ans14 : float = 7.
val ans15 : float = 1.
val ans16 : float = 7.
val ans17 : float = 5.
val ans18 : float = 1.
val ans19 : float = 4.
val ans20 : float = 5.
# #quit;;

Script done on 2019-06-26 11:09:55-0400
